{"C:\\Users\\thoma\\Desktop\\teddy-backend-api\\src\\app.module.ts": {"path":"C:\\Users\\thoma\\Desktop\\teddy-backend-api\\src\\app.module.ts","statementMap":{"0":{"start":{"line":1,"column":0},"end":{"line":1,"column":40}},"1":{"start":{"line":2,"column":0},"end":{"line":2,"column":48}},"2":{"start":{"line":3,"column":0},"end":{"line":3,"column":46}},"3":{"start":{"line":4,"column":0},"end":{"line":4,"column":48}},"4":{"start":{"line":5,"column":0},"end":{"line":5,"column":54}},"5":{"start":{"line":6,"column":0},"end":{"line":6,"column":48}},"6":{"start":{"line":7,"column":0},"end":{"line":7,"column":57}},"7":{"start":{"line":8,"column":0},"end":{"line":8,"column":60}},"8":{"start":{"line":30,"column":7},"end":{"line":30,"column":null}},"9":{"start":{"line":30,"column":13},"end":{"line":30,"column":22}},"10":{"start":{"line":30,"column":13},"end":{"line":30,"column":null}},"11":{"start":{"line":15,"column":20},"end":{"line":21,"column":8}}},"fnMap":{"0":{"name":"(anonymous_1)","decl":{"start":{"line":15,"column":13},"end":{"line":15,"column":16}},"loc":{"start":{"line":15,"column":20},"end":{"line":21,"column":8}}}},"branchMap":{"0":{"loc":{"start":{"line":14,"column":28},"end":{"line":14,"column":65}},"type":"binary-expr","locations":[{"start":{"line":14,"column":28},"end":{"line":14,"column":48}},{"start":{"line":14,"column":52},"end":{"line":14,"column":65}}]},"1":{"loc":{"start":{"line":17,"column":19},"end":{"line":17,"column":89}},"type":"binary-expr","locations":[{"start":{"line":17,"column":19},"end":{"line":17,"column":39}},{"start":{"line":17,"column":43},"end":{"line":17,"column":62}},{"start":{"line":17,"column":66},"end":{"line":17,"column":89}}]},"2":{"loc":{"start":{"line":18,"column":25},"end":{"line":18,"column":51}},"type":"binary-expr","locations":[{"start":{"line":18,"column":25},"end":{"line":18,"column":41}},{"start":{"line":18,"column":45},"end":{"line":18,"column":51}}]},"3":{"loc":{"start":{"line":19,"column":19},"end":{"line":19,"column":56}},"type":"binary-expr","locations":[{"start":{"line":19,"column":19},"end":{"line":19,"column":39}},{"start":{"line":19,"column":43},"end":{"line":19,"column":56}}]}},"s":{"0":0,"1":0,"2":0,"3":0,"4":0,"5":0,"6":0,"7":0,"8":0,"9":0,"10":0,"11":0},"f":{"0":0},"b":{"0":[0,0],"1":[0,0,0],"2":[0,0],"3":[0,0]}}
,"C:\\Users\\thoma\\Desktop\\teddy-backend-api\\src\\main.ts": {"path":"C:\\Users\\thoma\\Desktop\\teddy-backend-api\\src\\main.ts","statementMap":{"0":{"start":{"line":1,"column":0},"end":{"line":1,"column":43}},"1":{"start":{"line":2,"column":0},"end":{"line":2,"column":48}},"2":{"start":{"line":3,"column":0},"end":{"line":3,"column":41}},"3":{"start":{"line":4,"column":0},"end":{"line":4,"column":65}},"4":{"start":{"line":7,"column":14},"end":{"line":7,"column":49}},"5":{"start":{"line":9,"column":2},"end":{"line":15,"column":4}},"6":{"start":{"line":17,"column":19},"end":{"line":22,"column":12}},"7":{"start":{"line":24,"column":19},"end":{"line":24,"column":60}},"8":{"start":{"line":25,"column":2},"end":{"line":27,"column":5}},"9":{"start":{"line":29,"column":15},"end":{"line":29,"column":39}},"10":{"start":{"line":30,"column":2},"end":{"line":30,"column":36}},"11":{"start":{"line":31,"column":2},"end":{"line":31,"column":67}},"12":{"start":{"line":33,"column":0},"end":{"line":33,"column":12}}},"fnMap":{"0":{"name":"bootstrap","decl":{"start":{"line":6,"column":15},"end":{"line":6,"column":24}},"loc":{"start":{"line":6,"column":24},"end":{"line":32,"column":1}}}},"branchMap":{"0":{"loc":{"start":{"line":29,"column":15},"end":{"line":29,"column":39}},"type":"binary-expr","locations":[{"start":{"line":29,"column":15},"end":{"line":29,"column":31}},{"start":{"line":29,"column":35},"end":{"line":29,"column":39}}]}},"s":{"0":0,"1":0,"2":0,"3":0,"4":0,"5":0,"6":0,"7":0,"8":0,"9":0,"10":0,"11":0,"12":0},"f":{"0":0},"b":{"0":[0,0]}}
,"C:\\Users\\thoma\\Desktop\\teddy-backend-api\\src\\auth\\auth.controller.ts": {"path":"C:\\Users\\thoma\\Desktop\\teddy-backend-api\\src\\auth\\auth.controller.ts","statementMap":{"0":{"start":{"line":1,"column":0},"end":{"line":1,"column":78}},"1":{"start":{"line":2,"column":0},"end":{"line":2,"column":45}},"2":{"start":{"line":3,"column":0},"end":{"line":3,"column":61}},"3":{"start":{"line":4,"column":0},"end":{"line":4,"column":63}},"4":{"start":{"line":5,"column":0},"end":{"line":5,"column":78}},"5":{"start":{"line":9,"column":7},"end":{"line":25,"column":null}},"6":{"start":{"line":10,"column":22},"end":{"line":10,"column":35}},"7":{"start":{"line":23,"column":4},"end":{"line":23,"column":86}},"8":{"start":{"line":9,"column":13},"end":{"line":9,"column":27}},"9":{"start":{"line":22,"column":2},"end":{"line":24,"column":null}},"10":{"start":{"line":9,"column":13},"end":{"line":25,"column":null}}},"fnMap":{"0":{"name":"(anonymous_4)","decl":{"start":{"line":10,"column":2},"end":{"line":10,"column":22}},"loc":{"start":{"line":10,"column":46},"end":{"line":10,"column":50}}},"1":{"name":"(anonymous_5)","decl":{"start":{"line":22,"column":2},"end":{"line":22,"column":8}},"loc":{"start":{"line":22,"column":51},"end":{"line":24,"column":3}}}},"branchMap":{},"s":{"0":1,"1":1,"2":1,"3":1,"4":1,"5":1,"6":3,"7":2,"8":1,"9":1,"10":1},"f":{"0":3,"1":2},"b":{}}
,"C:\\Users\\thoma\\Desktop\\teddy-backend-api\\src\\auth\\auth.module.ts": {"path":"C:\\Users\\thoma\\Desktop\\teddy-backend-api\\src\\auth\\auth.module.ts","statementMap":{"0":{"start":{"line":1,"column":0},"end":{"line":1,"column":52}},"1":{"start":{"line":2,"column":0},"end":{"line":2,"column":40}},"2":{"start":{"line":3,"column":0},"end":{"line":3,"column":45}},"3":{"start":{"line":4,"column":0},"end":{"line":4,"column":49}},"4":{"start":{"line":5,"column":0},"end":{"line":5,"column":51}},"5":{"start":{"line":7,"column":18},"end":{"line":7,"column":40}},"6":{"start":{"line":8,"column":0},"end":{"line":10,"column":1}},"7":{"start":{"line":9,"column":2},"end":{"line":9,"column":74}},"8":{"start":{"line":25,"column":7},"end":{"line":25,"column":null}},"9":{"start":{"line":25,"column":13},"end":{"line":25,"column":23}},"10":{"start":{"line":25,"column":13},"end":{"line":25,"column":null}},"11":{"start":{"line":14,"column":21},"end":{"line":14,"column":31}}},"fnMap":{"0":{"name":"(anonymous_1)","decl":{"start":{"line":14,"column":15},"end":{"line":14,"column":18}},"loc":{"start":{"line":14,"column":21},"end":{"line":14,"column":31}}}},"branchMap":{"0":{"loc":{"start":{"line":8,"column":0},"end":{"line":10,"column":1}},"type":"if","locations":[{"start":{"line":8,"column":0},"end":{"line":10,"column":1}}]},"1":{"loc":{"start":{"line":8,"column":4},"end":{"line":8,"column":55}},"type":"binary-expr","locations":[{"start":{"line":8,"column":4},"end":{"line":8,"column":14}},{"start":{"line":8,"column":18},"end":{"line":8,"column":55}}]},"2":{"loc":{"start":{"line":17,"column":14},"end":{"line":17,"column":68}},"type":"binary-expr","locations":[{"start":{"line":17,"column":14},"end":{"line":17,"column":23}},{"start":{"line":17,"column":27},"end":{"line":17,"column":68}}]}},"s":{"0":0,"1":0,"2":0,"3":0,"4":0,"5":0,"6":0,"7":0,"8":0,"9":0,"10":0,"11":0},"f":{"0":0},"b":{"0":[0],"1":[0,0],"2":[0,0]}}
,"C:\\Users\\thoma\\Desktop\\teddy-backend-api\\src\\auth\\auth.service.ts": {"path":"C:\\Users\\thoma\\Desktop\\teddy-backend-api\\src\\auth\\auth.service.ts","statementMap":{"0":{"start":{"line":1,"column":0},"end":{"line":1,"column":87}},"1":{"start":{"line":2,"column":0},"end":{"line":2,"column":51}},"2":{"start":{"line":3,"column":0},"end":{"line":3,"column":41}},"3":{"start":{"line":4,"column":0},"end":{"line":4,"column":33}},"4":{"start":{"line":7,"column":7},"end":{"line":42,"column":null}},"5":{"start":{"line":10,"column":21},"end":{"line":10,"column":34}},"6":{"start":{"line":11,"column":21},"end":{"line":11,"column":33}},"7":{"start":{"line":18,"column":17},"end":{"line":18,"column":54}},"8":{"start":{"line":20,"column":4},"end":{"line":22,"column":5}},"9":{"start":{"line":21,"column":6},"end":{"line":21,"column":63}},"10":{"start":{"line":24,"column":28},"end":{"line":24,"column":73}},"11":{"start":{"line":26,"column":4},"end":{"line":28,"column":5}},"12":{"start":{"line":27,"column":6},"end":{"line":27,"column":63}},"13":{"start":{"line":30,"column":20},"end":{"line":33,"column":6}},"14":{"start":{"line":35,"column":22},"end":{"line":35,"column":26}},"15":{"start":{"line":37,"column":4},"end":{"line":40,"column":6}},"16":{"start":{"line":7,"column":13},"end":{"line":7,"column":24}},"17":{"start":{"line":7,"column":13},"end":{"line":42,"column":null}},"18":{"start":{"line":9,"column":29},"end":{"line":9,"column":40}}},"fnMap":{"0":{"name":"(anonymous_4)","decl":{"start":{"line":8,"column":2},"end":{"line":8,"column":null}},"loc":{"start":{"line":11,"column":43},"end":{"line":12,"column":6}}},"1":{"name":"(anonymous_5)","decl":{"start":{"line":14,"column":2},"end":{"line":14,"column":7}},"loc":{"start":{"line":16,"column":20},"end":{"line":41,"column":3}}},"2":{"name":"(anonymous_6)","decl":{"start":{"line":9,"column":23},"end":{"line":9,"column":26}},"loc":{"start":{"line":9,"column":29},"end":{"line":9,"column":40}}}},"branchMap":{"0":{"loc":{"start":{"line":20,"column":4},"end":{"line":22,"column":5}},"type":"if","locations":[{"start":{"line":20,"column":4},"end":{"line":22,"column":5}}]},"1":{"loc":{"start":{"line":26,"column":4},"end":{"line":28,"column":5}},"type":"if","locations":[{"start":{"line":26,"column":4},"end":{"line":28,"column":5}}]}},"s":{"0":4,"1":4,"2":4,"3":4,"4":4,"5":6,"6":6,"7":5,"8":4,"9":1,"10":3,"11":3,"12":1,"13":2,"14":2,"15":2,"16":4,"17":4,"18":6},"f":{"0":6,"1":5,"2":6},"b":{"0":[1],"1":[1]}}
,"C:\\Users\\thoma\\Desktop\\teddy-backend-api\\src\\auth\\dto\\sign-in-request.dto.ts": {"path":"C:\\Users\\thoma\\Desktop\\teddy-backend-api\\src\\auth\\dto\\sign-in-request.dto.ts","statementMap":{"0":{"start":{"line":1,"column":0},"end":{"line":1,"column":46}},"1":{"start":{"line":2,"column":0},"end":{"line":2,"column":63}},"2":{"start":{"line":4,"column":0},"end":{"line":4,"column":13}},"3":{"start":{"line":10,"column":2},"end":{"line":10,"column":null}},"4":{"start":{"line":18,"column":2},"end":{"line":18,"column":null}}},"fnMap":{},"branchMap":{},"s":{"0":1,"1":1,"2":1,"3":1,"4":1},"f":{},"b":{}}
,"C:\\Users\\thoma\\Desktop\\teddy-backend-api\\src\\auth\\dto\\sign-in-response.dto.ts": {"path":"C:\\Users\\thoma\\Desktop\\teddy-backend-api\\src\\auth\\dto\\sign-in-response.dto.ts","statementMap":{"0":{"start":{"line":1,"column":0},"end":{"line":1,"column":46}},"1":{"start":{"line":3,"column":0},"end":{"line":3,"column":13}},"2":{"start":{"line":8,"column":2},"end":{"line":8,"column":null}},"3":{"start":{"line":14,"column":2},"end":{"line":14,"column":null}}},"fnMap":{},"branchMap":{},"s":{"0":1,"1":1,"2":1,"3":1},"f":{},"b":{}}
,"C:\\Users\\thoma\\Desktop\\teddy-backend-api\\src\\auth\\guards\\auth.guard.ts": {"path":"C:\\Users\\thoma\\Desktop\\teddy-backend-api\\src\\auth\\guards\\auth.guard.ts","statementMap":{"0":{"start":{"line":1,"column":0},"end":{"line":1,"column":null}},"1":{"start":{"line":7,"column":0},"end":{"line":7,"column":41}},"2":{"start":{"line":11,"column":7},"end":{"line":44,"column":null}},"3":{"start":{"line":12,"column":22},"end":{"line":12,"column":34}},"4":{"start":{"line":15,"column":20},"end":{"line":15,"column":55}},"5":{"start":{"line":16,"column":18},"end":{"line":16,"column":54}},"6":{"start":{"line":17,"column":4},"end":{"line":19,"column":5}},"7":{"start":{"line":18,"column":6},"end":{"line":18,"column":40}},"8":{"start":{"line":20,"column":4},"end":{"line":36,"column":5}},"9":{"start":{"line":21,"column":22},"end":{"line":21,"column":62}},"10":{"start":{"line":23,"column":21},"end":{"line":23,"column":50}},"11":{"start":{"line":25,"column":6},"end":{"line":27,"column":7}},"12":{"start":{"line":26,"column":8},"end":{"line":26,"column":81}},"13":{"start":{"line":29,"column":6},"end":{"line":33,"column":8}},"14":{"start":{"line":35,"column":6},"end":{"line":35,"column":40}},"15":{"start":{"line":37,"column":4},"end":{"line":37,"column":16}},"16":{"start":{"line":41,"column":26},"end":{"line":41,"column":73}},"17":{"start":{"line":42,"column":4},"end":{"line":42,"column":49}},"18":{"start":{"line":11,"column":13},"end":{"line":11,"column":22}},"19":{"start":{"line":11,"column":13},"end":{"line":44,"column":null}}},"fnMap":{"0":{"name":"(anonymous_2)","decl":{"start":{"line":12,"column":2},"end":{"line":12,"column":22}},"loc":{"start":{"line":12,"column":44},"end":{"line":12,"column":48}}},"1":{"name":"(anonymous_3)","decl":{"start":{"line":14,"column":2},"end":{"line":14,"column":7}},"loc":{"start":{"line":14,"column":45},"end":{"line":38,"column":3}}},"2":{"name":"(anonymous_4)","decl":{"start":{"line":40,"column":10},"end":{"line":40,"column":32}},"loc":{"start":{"line":40,"column":49},"end":{"line":43,"column":3}}}},"branchMap":{"0":{"loc":{"start":{"line":17,"column":4},"end":{"line":19,"column":5}},"type":"if","locations":[{"start":{"line":17,"column":4},"end":{"line":19,"column":5}}]},"1":{"loc":{"start":{"line":23,"column":21},"end":{"line":23,"column":50}},"type":"binary-expr","locations":[{"start":{"line":23,"column":21},"end":{"line":23,"column":32}},{"start":{"line":23,"column":36},"end":{"line":23,"column":50}}]},"2":{"loc":{"start":{"line":25,"column":6},"end":{"line":27,"column":7}},"type":"if","locations":[{"start":{"line":25,"column":6},"end":{"line":27,"column":7}}]},"3":{"loc":{"start":{"line":41,"column":26},"end":{"line":41,"column":73}},"type":"binary-expr","locations":[{"start":{"line":41,"column":26},"end":{"line":41,"column":67}},{"start":{"line":41,"column":71},"end":{"line":41,"column":73}}]},"4":{"loc":{"start":{"line":42,"column":11},"end":{"line":42,"column":48}},"type":"cond-expr","locations":[{"start":{"line":42,"column":31},"end":{"line":42,"column":36}},{"start":{"line":42,"column":39},"end":{"line":42,"column":48}}]}},"s":{"0":1,"1":1,"2":1,"3":0,"4":0,"5":0,"6":0,"7":0,"8":0,"9":0,"10":0,"11":0,"12":0,"13":0,"14":0,"15":0,"16":0,"17":0,"18":1,"19":1},"f":{"0":0,"1":0,"2":0},"b":{"0":[0],"1":[0,0],"2":[0],"3":[0,0],"4":[0,0]}}
,"C:\\Users\\thoma\\Desktop\\teddy-backend-api\\src\\auth\\guards\\optional-auth.guard.ts": {"path":"C:\\Users\\thoma\\Desktop\\teddy-backend-api\\src\\auth\\guards\\optional-auth.guard.ts","statementMap":{"0":{"start":{"line":1,"column":0},"end":{"line":1,"column":null}},"1":{"start":{"line":6,"column":0},"end":{"line":6,"column":41}},"2":{"start":{"line":10,"column":7},"end":{"line":48,"column":null}},"3":{"start":{"line":11,"column":22},"end":{"line":11,"column":34}},"4":{"start":{"line":14,"column":20},"end":{"line":14,"column":55}},"5":{"start":{"line":15,"column":18},"end":{"line":15,"column":54}},"6":{"start":{"line":17,"column":4},"end":{"line":20,"column":5}},"7":{"start":{"line":18,"column":6},"end":{"line":18,"column":34}},"8":{"start":{"line":19,"column":6},"end":{"line":19,"column":18}},"9":{"start":{"line":22,"column":4},"end":{"line":39,"column":5}},"10":{"start":{"line":23,"column":22},"end":{"line":23,"column":62}},"11":{"start":{"line":25,"column":21},"end":{"line":25,"column":50}},"12":{"start":{"line":27,"column":6},"end":{"line":30,"column":7}},"13":{"start":{"line":28,"column":8},"end":{"line":28,"column":36}},"14":{"start":{"line":29,"column":8},"end":{"line":29,"column":20}},"15":{"start":{"line":32,"column":6},"end":{"line":36,"column":8}},"16":{"start":{"line":38,"column":6},"end":{"line":38,"column":34}},"17":{"start":{"line":41,"column":4},"end":{"line":41,"column":16}},"18":{"start":{"line":45,"column":26},"end":{"line":45,"column":73}},"19":{"start":{"line":46,"column":4},"end":{"line":46,"column":49}},"20":{"start":{"line":10,"column":13},"end":{"line":10,"column":30}},"21":{"start":{"line":10,"column":13},"end":{"line":48,"column":null}}},"fnMap":{"0":{"name":"(anonymous_2)","decl":{"start":{"line":11,"column":2},"end":{"line":11,"column":22}},"loc":{"start":{"line":11,"column":44},"end":{"line":11,"column":48}}},"1":{"name":"(anonymous_3)","decl":{"start":{"line":13,"column":2},"end":{"line":13,"column":7}},"loc":{"start":{"line":13,"column":45},"end":{"line":42,"column":3}}},"2":{"name":"(anonymous_4)","decl":{"start":{"line":44,"column":10},"end":{"line":44,"column":32}},"loc":{"start":{"line":44,"column":49},"end":{"line":47,"column":3}}}},"branchMap":{"0":{"loc":{"start":{"line":17,"column":4},"end":{"line":20,"column":5}},"type":"if","locations":[{"start":{"line":17,"column":4},"end":{"line":20,"column":5}}]},"1":{"loc":{"start":{"line":25,"column":21},"end":{"line":25,"column":50}},"type":"binary-expr","locations":[{"start":{"line":25,"column":21},"end":{"line":25,"column":32}},{"start":{"line":25,"column":36},"end":{"line":25,"column":50}}]},"2":{"loc":{"start":{"line":27,"column":6},"end":{"line":30,"column":7}},"type":"if","locations":[{"start":{"line":27,"column":6},"end":{"line":30,"column":7}}]},"3":{"loc":{"start":{"line":45,"column":26},"end":{"line":45,"column":73}},"type":"binary-expr","locations":[{"start":{"line":45,"column":26},"end":{"line":45,"column":67}},{"start":{"line":45,"column":71},"end":{"line":45,"column":73}}]},"4":{"loc":{"start":{"line":46,"column":11},"end":{"line":46,"column":48}},"type":"cond-expr","locations":[{"start":{"line":46,"column":31},"end":{"line":46,"column":36}},{"start":{"line":46,"column":39},"end":{"line":46,"column":48}}]}},"s":{"0":1,"1":1,"2":1,"3":0,"4":0,"5":0,"6":0,"7":0,"8":0,"9":0,"10":0,"11":0,"12":0,"13":0,"14":0,"15":0,"16":0,"17":0,"18":0,"19":0,"20":1,"21":1},"f":{"0":0,"1":0,"2":0},"b":{"0":[0],"1":[0,0],"2":[0],"3":[0,0],"4":[0,0]}}
,"C:\\Users\\thoma\\Desktop\\teddy-backend-api\\src\\database\\config.ts": {"path":"C:\\Users\\thoma\\Desktop\\teddy-backend-api\\src\\database\\config.ts","statementMap":{"0":{"start":{"line":3,"column":33},"end":{"line":18,"column":1}},"1":{"start":{"line":4,"column":23},"end":{"line":4,"column":60}},"2":{"start":{"line":6,"column":2},"end":{"line":17,"column":4}},"3":{"start":{"line":3,"column":13},"end":{"line":3,"column":33}}},"fnMap":{"0":{"name":"(anonymous_0)","decl":{"start":{"line":3,"column":33},"end":{"line":3,"column":58}},"loc":{"start":{"line":3,"column":60},"end":{"line":18,"column":1}}}},"branchMap":{"0":{"loc":{"start":{"line":16,"column":9},"end":{"line":16,"column":61}},"type":"cond-expr","locations":[{"start":{"line":16,"column":24},"end":{"line":16,"column":53}},{"start":{"line":16,"column":56},"end":{"line":16,"column":61}}]}},"s":{"0":0,"1":0,"2":0,"3":0},"f":{"0":0},"b":{"0":[0,0]}}
,"C:\\Users\\thoma\\Desktop\\teddy-backend-api\\src\\redirect\\redirect.controller.ts": {"path":"C:\\Users\\thoma\\Desktop\\teddy-backend-api\\src\\redirect\\redirect.controller.ts","statementMap":{"0":{"start":{"line":1,"column":0},"end":{"line":1,"column":61}},"1":{"start":{"line":3,"column":0},"end":{"line":3,"column":53}},"2":{"start":{"line":4,"column":0},"end":{"line":4,"column":65}},"3":{"start":{"line":5,"column":0},"end":{"line":5,"column":66}},"4":{"start":{"line":9,"column":7},"end":{"line":31,"column":null}},"5":{"start":{"line":10,"column":31},"end":{"line":10,"column":48}},"6":{"start":{"line":28,"column":16},"end":{"line":28,"column":63}},"7":{"start":{"line":29,"column":4},"end":{"line":29,"column":34}},"8":{"start":{"line":9,"column":13},"end":{"line":9,"column":31}},"9":{"start":{"line":27,"column":8},"end":{"line":30,"column":null}},"10":{"start":{"line":9,"column":13},"end":{"line":31,"column":null}}},"fnMap":{"0":{"name":"(anonymous_4)","decl":{"start":{"line":10,"column":2},"end":{"line":10,"column":31}},"loc":{"start":{"line":10,"column":63},"end":{"line":10,"column":67}}},"1":{"name":"(anonymous_5)","decl":{"start":{"line":27,"column":2},"end":{"line":27,"column":7}},"loc":{"start":{"line":27,"column":66},"end":{"line":30,"column":3}}}},"branchMap":{},"s":{"0":1,"1":1,"2":1,"3":1,"4":1,"5":3,"6":2,"7":1,"8":1,"9":1,"10":1},"f":{"0":3,"1":2},"b":{}}
,"C:\\Users\\thoma\\Desktop\\teddy-backend-api\\src\\redirect\\redirect.module.ts": {"path":"C:\\Users\\thoma\\Desktop\\teddy-backend-api\\src\\redirect\\redirect.module.ts","statementMap":{"0":{"start":{"line":1,"column":0},"end":{"line":1,"column":40}},"1":{"start":{"line":2,"column":0},"end":{"line":2,"column":59}},"2":{"start":{"line":3,"column":0},"end":{"line":3,"column":53}},"3":{"start":{"line":4,"column":0},"end":{"line":4,"column":58}},"4":{"start":{"line":11,"column":7},"end":{"line":11,"column":null}},"5":{"start":{"line":11,"column":13},"end":{"line":11,"column":27}},"6":{"start":{"line":11,"column":13},"end":{"line":11,"column":null}}},"fnMap":{},"branchMap":{},"s":{"0":0,"1":0,"2":0,"3":0,"4":0,"5":0,"6":0},"f":{},"b":{}}
,"C:\\Users\\thoma\\Desktop\\teddy-backend-api\\src\\redirect\\redirect.service.ts": {"path":"C:\\Users\\thoma\\Desktop\\teddy-backend-api\\src\\redirect\\redirect.service.ts","statementMap":{"0":{"start":{"line":1,"column":0},"end":{"line":1,"column":44}},"1":{"start":{"line":2,"column":0},"end":{"line":2,"column":60}},"2":{"start":{"line":5,"column":7},"end":{"line":12,"column":null}},"3":{"start":{"line":6,"column":31},"end":{"line":6,"column":47}},"4":{"start":{"line":9,"column":16},"end":{"line":9,"column":59}},"5":{"start":{"line":10,"column":4},"end":{"line":10,"column":27}},"6":{"start":{"line":5,"column":13},"end":{"line":5,"column":28}},"7":{"start":{"line":5,"column":13},"end":{"line":12,"column":null}}},"fnMap":{"0":{"name":"(anonymous_2)","decl":{"start":{"line":6,"column":2},"end":{"line":6,"column":31}},"loc":{"start":{"line":6,"column":61},"end":{"line":6,"column":65}}},"1":{"name":"(anonymous_3)","decl":{"start":{"line":8,"column":2},"end":{"line":8,"column":7}},"loc":{"start":{"line":8,"column":35},"end":{"line":11,"column":3}}}},"branchMap":{},"s":{"0":2,"1":2,"2":2,"3":3,"4":2,"5":1,"6":2,"7":2},"f":{"0":3,"1":2},"b":{}}
,"C:\\Users\\thoma\\Desktop\\teddy-backend-api\\src\\redirect\\dto\\redirect-response.dto.ts": {"path":"C:\\Users\\thoma\\Desktop\\teddy-backend-api\\src\\redirect\\dto\\redirect-response.dto.ts","statementMap":{"0":{"start":{"line":1,"column":0},"end":{"line":1,"column":46}},"1":{"start":{"line":3,"column":0},"end":{"line":3,"column":13}},"2":{"start":{"line":8,"column":2},"end":{"line":8,"column":null}},"3":{"start":{"line":14,"column":2},"end":{"line":14,"column":null}}},"fnMap":{},"branchMap":{},"s":{"0":1,"1":1,"2":1,"3":1},"f":{},"b":{}}
,"C:\\Users\\thoma\\Desktop\\teddy-backend-api\\src\\shared\\config\\app.config.ts": {"path":"C:\\Users\\thoma\\Desktop\\teddy-backend-api\\src\\shared\\config\\app.config.ts","statementMap":{"0":{"start":{"line":1,"column":0},"end":{"line":1,"column":44}},"1":{"start":{"line":3,"column":0},"end":{"line":7,"column":4}},"2":{"start":{"line":3,"column":40},"end":{"line":7,"column":2}}},"fnMap":{"0":{"name":"(anonymous_0)","decl":{"start":{"line":3,"column":33},"end":{"line":3,"column":36}},"loc":{"start":{"line":3,"column":40},"end":{"line":7,"column":2}}}},"branchMap":{"0":{"loc":{"start":{"line":4,"column":11},"end":{"line":4,"column":81}},"type":"binary-expr","locations":[{"start":{"line":4,"column":11},"end":{"line":4,"column":31}},{"start":{"line":4,"column":35},"end":{"line":4,"column":54}},{"start":{"line":4,"column":58},"end":{"line":4,"column":81}}]},"1":{"loc":{"start":{"line":5,"column":17},"end":{"line":5,"column":43}},"type":"binary-expr","locations":[{"start":{"line":5,"column":17},"end":{"line":5,"column":33}},{"start":{"line":5,"column":37},"end":{"line":5,"column":43}}]},"2":{"loc":{"start":{"line":6,"column":11},"end":{"line":6,"column":48}},"type":"binary-expr","locations":[{"start":{"line":6,"column":11},"end":{"line":6,"column":31}},{"start":{"line":6,"column":35},"end":{"line":6,"column":48}}]}},"s":{"0":0,"1":0,"2":0},"f":{"0":0},"b":{"0":[0,0,0],"1":[0,0],"2":[0,0]}}
,"C:\\Users\\thoma\\Desktop\\teddy-backend-api\\src\\shared\\helpers\\short-code.helper.ts": {"path":"C:\\Users\\thoma\\Desktop\\teddy-backend-api\\src\\shared\\helpers\\short-code.helper.ts","statementMap":{"0":{"start":{"line":5,"column":0},"end":{"line":5,"column":16}},"1":{"start":{"line":1,"column":14},"end":{"line":1,"column":78}},"2":{"start":{"line":3,"column":13},"end":{"line":3,"column":35}},"3":{"start":{"line":6,"column":13},"end":{"line":6,"column":15}},"4":{"start":{"line":7,"column":2},"end":{"line":9,"column":3}},"5":{"start":{"line":7,"column":15},"end":{"line":7,"column":16}},"6":{"start":{"line":8,"column":4},"end":{"line":8,"column":67}},"7":{"start":{"line":10,"column":2},"end":{"line":10,"column":14}}},"fnMap":{"0":{"name":"generateShortCode","decl":{"start":{"line":5,"column":16},"end":{"line":5,"column":33}},"loc":{"start":{"line":5,"column":33},"end":{"line":11,"column":1}}}},"branchMap":{},"s":{"0":4,"1":4,"2":4,"3":0,"4":0,"5":0,"6":0,"7":0},"f":{"0":0},"b":{}}
,"C:\\Users\\thoma\\Desktop\\teddy-backend-api\\src\\shorten\\shorten.controller.ts": {"path":"C:\\Users\\thoma\\Desktop\\teddy-backend-api\\src\\shorten\\shorten.controller.ts","statementMap":{"0":{"start":{"line":1,"column":0},"end":{"line":1,"column":null}},"1":{"start":{"line":13,"column":0},"end":{"line":13,"column":51}},"2":{"start":{"line":14,"column":0},"end":{"line":14,"column":63}},"3":{"start":{"line":15,"column":0},"end":{"line":15,"column":52}},"4":{"start":{"line":16,"column":0},"end":{"line":16,"column":67}},"5":{"start":{"line":17,"column":0},"end":{"line":17,"column":54}},"6":{"start":{"line":18,"column":0},"end":{"line":18,"column":71}},"7":{"start":{"line":19,"column":0},"end":{"line":19,"column":93}},"8":{"start":{"line":23,"column":7},"end":{"line":68,"column":null}},"9":{"start":{"line":24,"column":31},"end":{"line":24,"column":47}},"10":{"start":{"line":32,"column":16},"end":{"line":32,"column":79}},"11":{"start":{"line":33,"column":4},"end":{"line":33,"column":55}},"12":{"start":{"line":42,"column":4},"end":{"line":42,"column":60}},"13":{"start":{"line":56,"column":4},"end":{"line":56,"column":67}},"14":{"start":{"line":65,"column":4},"end":{"line":65,"column":62}},"15":{"start":{"line":66,"column":4},"end":{"line":66,"column":51}},"16":{"start":{"line":23,"column":13},"end":{"line":23,"column":30}},"17":{"start":{"line":31,"column":8},"end":{"line":34,"column":null}},"18":{"start":{"line":41,"column":8},"end":{"line":43,"column":null}},"19":{"start":{"line":51,"column":8},"end":{"line":57,"column":null}},"20":{"start":{"line":64,"column":8},"end":{"line":67,"column":null}},"21":{"start":{"line":23,"column":13},"end":{"line":68,"column":null}}},"fnMap":{"0":{"name":"(anonymous_4)","decl":{"start":{"line":24,"column":2},"end":{"line":24,"column":31}},"loc":{"start":{"line":24,"column":61},"end":{"line":24,"column":65}}},"1":{"name":"(anonymous_5)","decl":{"start":{"line":31,"column":2},"end":{"line":31,"column":7}},"loc":{"start":{"line":31,"column":66},"end":{"line":34,"column":3}}},"2":{"name":"(anonymous_6)","decl":{"start":{"line":41,"column":2},"end":{"line":41,"column":7}},"loc":{"start":{"line":41,"column":36},"end":{"line":43,"column":3}}},"3":{"name":"(anonymous_7)","decl":{"start":{"line":51,"column":2},"end":{"line":51,"column":7}},"loc":{"start":{"line":54,"column":23},"end":{"line":57,"column":3}}},"4":{"name":"(anonymous_8)","decl":{"start":{"line":64,"column":2},"end":{"line":64,"column":7}},"loc":{"start":{"line":64,"column":73},"end":{"line":67,"column":3}}}},"branchMap":{},"s":{"0":1,"1":1,"2":1,"3":1,"4":1,"5":1,"6":1,"7":1,"8":1,"9":9,"10":2,"11":2,"12":2,"13":2,"14":2,"15":1,"16":1,"17":1,"18":1,"19":1,"20":1,"21":1},"f":{"0":9,"1":2,"2":2,"3":2,"4":2},"b":{}}
,"C:\\Users\\thoma\\Desktop\\teddy-backend-api\\src\\shorten\\shorten.module.ts": {"path":"C:\\Users\\thoma\\Desktop\\teddy-backend-api\\src\\shorten\\shorten.module.ts","statementMap":{"0":{"start":{"line":1,"column":0},"end":{"line":1,"column":40}},"1":{"start":{"line":2,"column":0},"end":{"line":2,"column":48}},"2":{"start":{"line":3,"column":0},"end":{"line":3,"column":51}},"3":{"start":{"line":4,"column":0},"end":{"line":4,"column":57}},"4":{"start":{"line":5,"column":0},"end":{"line":5,"column":57}},"5":{"start":{"line":6,"column":0},"end":{"line":6,"column":44}},"6":{"start":{"line":7,"column":0},"end":{"line":7,"column":49}},"7":{"start":{"line":15,"column":7},"end":{"line":15,"column":null}},"8":{"start":{"line":15,"column":13},"end":{"line":15,"column":26}},"9":{"start":{"line":15,"column":13},"end":{"line":15,"column":null}}},"fnMap":{},"branchMap":{},"s":{"0":0,"1":0,"2":0,"3":0,"4":0,"5":0,"6":0,"7":0,"8":0,"9":0},"f":{},"b":{}}
,"C:\\Users\\thoma\\Desktop\\teddy-backend-api\\src\\shorten\\shorten.repository.ts": {"path":"C:\\Users\\thoma\\Desktop\\teddy-backend-api\\src\\shorten\\shorten.repository.ts","statementMap":{"0":{"start":{"line":1,"column":0},"end":{"line":1,"column":44}},"1":{"start":{"line":2,"column":0},"end":{"line":2,"column":51}},"2":{"start":{"line":3,"column":0},"end":{"line":3,"column":37}},"3":{"start":{"line":4,"column":0},"end":{"line":4,"column":44}},"4":{"start":{"line":7,"column":7},"end":{"line":59,"column":null}},"5":{"start":{"line":10,"column":21},"end":{"line":10,"column":27}},"6":{"start":{"line":14,"column":4},"end":{"line":14,"column":34}},"7":{"start":{"line":18,"column":4},"end":{"line":18,"column":31}},"8":{"start":{"line":22,"column":4},"end":{"line":24,"column":7}},"9":{"start":{"line":28,"column":4},"end":{"line":32,"column":16}},"10":{"start":{"line":36,"column":4},"end":{"line":39,"column":7}},"11":{"start":{"line":43,"column":4},"end":{"line":46,"column":7}},"12":{"start":{"line":50,"column":4},"end":{"line":53,"column":7}},"13":{"start":{"line":57,"column":4},"end":{"line":57,"column":37}},"14":{"start":{"line":7,"column":13},"end":{"line":7,"column":30}},"15":{"start":{"line":7,"column":13},"end":{"line":59,"column":null}}},"fnMap":{"0":{"name":"(anonymous_4)","decl":{"start":{"line":8,"column":2},"end":{"line":8,"column":null}},"loc":{"start":{"line":10,"column":42},"end":{"line":11,"column":6}}},"1":{"name":"(anonymous_5)","decl":{"start":{"line":13,"column":2},"end":{"line":13,"column":8}},"loc":{"start":{"line":13,"column":27},"end":{"line":15,"column":3}}},"2":{"name":"(anonymous_6)","decl":{"start":{"line":17,"column":2},"end":{"line":17,"column":6}},"loc":{"start":{"line":17,"column":15},"end":{"line":19,"column":3}}},"3":{"name":"(anonymous_7)","decl":{"start":{"line":21,"column":2},"end":{"line":21,"column":17}},"loc":{"start":{"line":21,"column":35},"end":{"line":25,"column":3}}},"4":{"name":"(anonymous_8)","decl":{"start":{"line":27,"column":2},"end":{"line":27,"column":32}},"loc":{"start":{"line":27,"column":50},"end":{"line":33,"column":3}}},"5":{"name":"(anonymous_9)","decl":{"start":{"line":35,"column":2},"end":{"line":35,"column":17}},"loc":{"start":{"line":35,"column":35},"end":{"line":40,"column":3}}},"6":{"name":"(anonymous_10)","decl":{"start":{"line":42,"column":2},"end":{"line":42,"column":13}},"loc":{"start":{"line":42,"column":29},"end":{"line":47,"column":3}}},"7":{"name":"(anonymous_11)","decl":{"start":{"line":49,"column":2},"end":{"line":49,"column":10}},"loc":{"start":{"line":49,"column":21},"end":{"line":54,"column":3}}},"8":{"name":"(anonymous_12)","decl":{"start":{"line":56,"column":2},"end":{"line":56,"column":12}},"loc":{"start":{"line":56,"column":21},"end":{"line":58,"column":3}}}},"branchMap":{},"s":{"0":5,"1":5,"2":5,"3":5,"4":5,"5":17,"6":2,"7":2,"8":2,"9":0,"10":3,"11":2,"12":3,"13":2,"14":5,"15":5},"f":{"0":17,"1":2,"2":2,"3":2,"4":0,"5":3,"6":2,"7":3,"8":2},"b":{}}
,"C:\\Users\\thoma\\Desktop\\teddy-backend-api\\src\\shorten\\shorten.service.ts": {"path":"C:\\Users\\thoma\\Desktop\\teddy-backend-api\\src\\shorten\\shorten.service.ts","statementMap":{"0":{"start":{"line":1,"column":0},"end":{"line":1,"column":null}},"1":{"start":{"line":7,"column":0},"end":{"line":7,"column":47}},"2":{"start":{"line":12,"column":0},"end":{"line":12,"column":null}},"3":{"start":{"line":16,"column":0},"end":{"line":16,"column":57}},"4":{"start":{"line":21,"column":7},"end":{"line":148,"column":null}},"5":{"start":{"line":23,"column":21},"end":{"line":23,"column":33}},"6":{"start":{"line":24,"column":21},"end":{"line":24,"column":36}},"7":{"start":{"line":36,"column":19},"end":{"line":36,"column":105}},"8":{"start":{"line":28,"column":4},"end":{"line":28,"column":82}},"9":{"start":{"line":32,"column":20},"end":{"line":32,"column":56}},"10":{"start":{"line":33,"column":4},"end":{"line":33,"column":37}},"11":{"start":{"line":39,"column":4},"end":{"line":43,"column":5}},"12":{"start":{"line":40,"column":6},"end":{"line":42,"column":8}},"13":{"start":{"line":47,"column":4},"end":{"line":64,"column":5}},"14":{"start":{"line":48,"column":30},"end":{"line":48,"column":60}},"15":{"start":{"line":50,"column":6},"end":{"line":54,"column":7}},"16":{"start":{"line":51,"column":8},"end":{"line":53,"column":10}},"17":{"start":{"line":56,"column":23},"end":{"line":56,"column":92}},"18":{"start":{"line":57,"column":6},"end":{"line":59,"column":7}},"19":{"start":{"line":58,"column":8},"end":{"line":58,"column":62}},"20":{"start":{"line":61,"column":6},"end":{"line":61,"column":34}},"21":{"start":{"line":63,"column":6},"end":{"line":63,"column":55}},"22":{"start":{"line":66,"column":19},"end":{"line":66,"column":67}},"23":{"start":{"line":67,"column":4},"end":{"line":69,"column":5}},"24":{"start":{"line":68,"column":6},"end":{"line":68,"column":61}},"25":{"start":{"line":71,"column":19},"end":{"line":75,"column":6}},"26":{"start":{"line":77,"column":4},"end":{"line":77,"column":40}},"27":{"start":{"line":81,"column":4},"end":{"line":91,"column":6}},"28":{"start":{"line":95,"column":17},"end":{"line":95,"column":59}},"29":{"start":{"line":96,"column":4},"end":{"line":96,"column":59}},"30":{"start":{"line":96,"column":29},"end":{"line":96,"column":57}},"31":{"start":{"line":100,"column":16},"end":{"line":100,"column":50}},"32":{"start":{"line":102,"column":4},"end":{"line":102,"column":64}},"33":{"start":{"line":102,"column":14},"end":{"line":102,"column":64}},"34":{"start":{"line":103,"column":4},"end":{"line":105,"column":5}},"35":{"start":{"line":104,"column":6},"end":{"line":104,"column":68}},"36":{"start":{"line":107,"column":4},"end":{"line":107,"column":38}},"37":{"start":{"line":109,"column":21},"end":{"line":109,"column":52}},"38":{"start":{"line":110,"column":4},"end":{"line":110,"column":45}},"39":{"start":{"line":114,"column":16},"end":{"line":114,"column":50}},"40":{"start":{"line":116,"column":4},"end":{"line":116,"column":64}},"41":{"start":{"line":116,"column":14},"end":{"line":116,"column":64}},"42":{"start":{"line":117,"column":4},"end":{"line":119,"column":5}},"43":{"start":{"line":118,"column":6},"end":{"line":118,"column":69}},"44":{"start":{"line":121,"column":4},"end":{"line":121,"column":42}},"45":{"start":{"line":125,"column":16},"end":{"line":125,"column":64}},"46":{"start":{"line":126,"column":4},"end":{"line":126,"column":65}},"47":{"start":{"line":126,"column":14},"end":{"line":126,"column":65}},"48":{"start":{"line":127,"column":4},"end":{"line":127,"column":15}},"49":{"start":{"line":131,"column":16},"end":{"line":131,"column":53}},"50":{"start":{"line":132,"column":4},"end":{"line":132,"column":25}},"51":{"start":{"line":133,"column":4},"end":{"line":133,"column":37}},"52":{"start":{"line":138,"column":17},"end":{"line":138,"column":21}},"53":{"start":{"line":140,"column":4},"end":{"line":144,"column":21}},"54":{"start":{"line":141,"column":6},"end":{"line":141,"column":33}},"55":{"start":{"line":142,"column":22},"end":{"line":142,"column":65}},"56":{"start":{"line":143,"column":6},"end":{"line":143,"column":25}},"57":{"start":{"line":146,"column":4},"end":{"line":146,"column":16}},"58":{"start":{"line":21,"column":13},"end":{"line":21,"column":27}},"59":{"start":{"line":21,"column":13},"end":{"line":148,"column":null}}},"fnMap":{"0":{"name":"(anonymous_2)","decl":{"start":{"line":22,"column":2},"end":{"line":22,"column":null}},"loc":{"start":{"line":24,"column":49},"end":{"line":25,"column":6}}},"1":{"name":"(anonymous_3)","decl":{"start":{"line":27,"column":10},"end":{"line":27,"column":20}},"loc":{"start":{"line":27,"column":20},"end":{"line":29,"column":3}}},"2":{"name":"(anonymous_4)","decl":{"start":{"line":31,"column":10},"end":{"line":31,"column":23}},"loc":{"start":{"line":31,"column":41},"end":{"line":34,"column":3}}},"3":{"name":"(anonymous_5)","decl":{"start":{"line":38,"column":2},"end":{"line":38,"column":7}},"loc":{"start":{"line":38,"column":63},"end":{"line":78,"column":3}}},"4":{"name":"(anonymous_6)","decl":{"start":{"line":80,"column":2},"end":{"line":80,"column":20}},"loc":{"start":{"line":80,"column":29},"end":{"line":92,"column":3}}},"5":{"name":"(anonymous_7)","decl":{"start":{"line":94,"column":2},"end":{"line":94,"column":7}},"loc":{"start":{"line":94,"column":35},"end":{"line":97,"column":3}}},"6":{"name":"(anonymous_8)","decl":{"start":{"line":96,"column":20},"end":{"line":96,"column":21}},"loc":{"start":{"line":96,"column":29},"end":{"line":96,"column":57}}},"7":{"name":"(anonymous_9)","decl":{"start":{"line":99,"column":2},"end":{"line":99,"column":7}},"loc":{"start":{"line":99,"column":64},"end":{"line":111,"column":3}}},"8":{"name":"(anonymous_10)","decl":{"start":{"line":113,"column":2},"end":{"line":113,"column":7}},"loc":{"start":{"line":113,"column":46},"end":{"line":122,"column":3}}},"9":{"name":"(anonymous_11)","decl":{"start":{"line":124,"column":2},"end":{"line":124,"column":7}},"loc":{"start":{"line":124,"column":41},"end":{"line":128,"column":3}}},"10":{"name":"(anonymous_12)","decl":{"start":{"line":130,"column":2},"end":{"line":130,"column":7}},"loc":{"start":{"line":130,"column":37},"end":{"line":134,"column":3}}},"11":{"name":"(anonymous_13)","decl":{"start":{"line":136,"column":10},"end":{"line":136,"column":15}},"loc":{"start":{"line":136,"column":39},"end":{"line":147,"column":3}}}},"branchMap":{"0":{"loc":{"start":{"line":39,"column":4},"end":{"line":43,"column":5}},"type":"if","locations":[{"start":{"line":39,"column":4},"end":{"line":43,"column":5}}]},"1":{"loc":{"start":{"line":39,"column":8},"end":{"line":39,"column":29}},"type":"binary-expr","locations":[{"start":{"line":39,"column":8},"end":{"line":39,"column":17}},{"start":{"line":39,"column":21},"end":{"line":39,"column":29}}]},"2":{"loc":{"start":{"line":47,"column":4},"end":{"line":64,"column":5}},"type":"if","locations":[{"start":{"line":47,"column":4},"end":{"line":64,"column":5}},{"start":{"line":62,"column":11},"end":{"line":64,"column":5}}]},"3":{"loc":{"start":{"line":50,"column":6},"end":{"line":54,"column":7}},"type":"if","locations":[{"start":{"line":50,"column":6},"end":{"line":54,"column":7}}]},"4":{"loc":{"start":{"line":57,"column":6},"end":{"line":59,"column":7}},"type":"if","locations":[{"start":{"line":57,"column":6},"end":{"line":59,"column":7}}]},"5":{"loc":{"start":{"line":67,"column":4},"end":{"line":69,"column":5}},"type":"if","locations":[{"start":{"line":67,"column":4},"end":{"line":69,"column":5}}]},"6":{"loc":{"start":{"line":74,"column":13},"end":{"line":74,"column":60}},"type":"cond-expr","locations":[{"start":{"line":74,"column":24},"end":{"line":74,"column":48}},{"start":{"line":74,"column":51},"end":{"line":74,"column":60}}]},"7":{"loc":{"start":{"line":102,"column":4},"end":{"line":102,"column":64}},"type":"if","locations":[{"start":{"line":102,"column":4},"end":{"line":102,"column":64}}]},"8":{"loc":{"start":{"line":103,"column":4},"end":{"line":105,"column":5}},"type":"if","locations":[{"start":{"line":103,"column":4},"end":{"line":105,"column":5}}]},"9":{"loc":{"start":{"line":103,"column":8},"end":{"line":103,"column":46}},"type":"binary-expr","locations":[{"start":{"line":103,"column":8},"end":{"line":103,"column":18}},{"start":{"line":103,"column":22},"end":{"line":103,"column":46}}]},"10":{"loc":{"start":{"line":116,"column":4},"end":{"line":116,"column":64}},"type":"if","locations":[{"start":{"line":116,"column":4},"end":{"line":116,"column":64}}]},"11":{"loc":{"start":{"line":117,"column":4},"end":{"line":119,"column":5}},"type":"if","locations":[{"start":{"line":117,"column":4},"end":{"line":119,"column":5}}]},"12":{"loc":{"start":{"line":117,"column":8},"end":{"line":117,"column":46}},"type":"binary-expr","locations":[{"start":{"line":117,"column":8},"end":{"line":117,"column":18}},{"start":{"line":117,"column":22},"end":{"line":117,"column":46}}]},"13":{"loc":{"start":{"line":126,"column":4},"end":{"line":126,"column":65}},"type":"if","locations":[{"start":{"line":126,"column":4},"end":{"line":126,"column":65}}]}},"s":{"0":4,"1":4,"2":4,"3":4,"4":4,"5":22,"6":22,"7":22,"8":3,"9":3,"10":3,"11":10,"12":2,"13":8,"14":5,"15":5,"16":2,"17":3,"18":3,"19":2,"20":1,"21":3,"22":4,"23":4,"24":0,"25":4,"26":4,"27":3,"28":2,"29":2,"30":2,"31":6,"32":6,"33":2,"34":4,"35":3,"36":1,"37":1,"38":1,"39":6,"40":6,"41":2,"42":4,"43":3,"44":1,"45":5,"46":5,"47":3,"48":2,"49":2,"50":1,"51":1,"52":3,"53":3,"54":4,"55":4,"56":4,"57":3,"58":4,"59":4},"f":{"0":22,"1":3,"2":3,"3":10,"4":3,"5":2,"6":2,"7":6,"8":6,"9":5,"10":2,"11":3},"b":{"0":[2],"1":[10,7],"2":[5,3],"3":[2],"4":[2],"5":[0],"6":[3,1],"7":[2],"8":[3],"9":[4,3],"10":[2],"11":[3],"12":[4,3],"13":[3]}}
,"C:\\Users\\thoma\\Desktop\\teddy-backend-api\\src\\shorten\\dto\\create-short-url.dto.ts": {"path":"C:\\Users\\thoma\\Desktop\\teddy-backend-api\\src\\shorten\\dto\\create-short-url.dto.ts","statementMap":{"0":{"start":{"line":1,"column":0},"end":{"line":1,"column":71}},"1":{"start":{"line":2,"column":0},"end":{"line":2,"column":46}},"2":{"start":{"line":4,"column":0},"end":{"line":4,"column":13}},"3":{"start":{"line":10,"column":2},"end":{"line":10,"column":null}},"4":{"start":{"line":22,"column":2},"end":{"line":22,"column":null}}},"fnMap":{},"branchMap":{},"s":{"0":1,"1":1,"2":1,"3":1,"4":1},"f":{},"b":{}}
,"C:\\Users\\thoma\\Desktop\\teddy-backend-api\\src\\shorten\\dto\\short-url-response.dto.ts": {"path":"C:\\Users\\thoma\\Desktop\\teddy-backend-api\\src\\shorten\\dto\\short-url-response.dto.ts","statementMap":{"0":{"start":{"line":1,"column":0},"end":{"line":1,"column":46}},"1":{"start":{"line":3,"column":0},"end":{"line":3,"column":13}},"2":{"start":{"line":5,"column":2},"end":{"line":5,"column":null}},"3":{"start":{"line":8,"column":2},"end":{"line":8,"column":null}},"4":{"start":{"line":11,"column":2},"end":{"line":11,"column":null}},"5":{"start":{"line":14,"column":2},"end":{"line":14,"column":null}},"6":{"start":{"line":17,"column":2},"end":{"line":17,"column":null}}},"fnMap":{},"branchMap":{},"s":{"0":1,"1":1,"2":1,"3":1,"4":1,"5":1,"6":1},"f":{},"b":{}}
,"C:\\Users\\thoma\\Desktop\\teddy-backend-api\\src\\shorten\\dto\\update-url.dto.ts": {"path":"C:\\Users\\thoma\\Desktop\\teddy-backend-api\\src\\shorten\\dto\\update-url.dto.ts","statementMap":{"0":{"start":{"line":1,"column":0},"end":{"line":1,"column":40}},"1":{"start":{"line":2,"column":0},"end":{"line":2,"column":46}},"2":{"start":{"line":4,"column":0},"end":{"line":4,"column":13}},"3":{"start":{"line":10,"column":2},"end":{"line":10,"column":null}}},"fnMap":{},"branchMap":{},"s":{"0":1,"1":1,"2":1,"3":1},"f":{},"b":{}}
,"C:\\Users\\thoma\\Desktop\\teddy-backend-api\\src\\shorten\\entities\\url.entity.ts": {"path":"C:\\Users\\thoma\\Desktop\\teddy-backend-api\\src\\shorten\\entities\\url.entity.ts","statementMap":{"0":{"start":{"line":1,"column":0},"end":{"line":1,"column":null}},"1":{"start":{"line":12,"column":0},"end":{"line":12,"column":55}},"2":{"start":{"line":15,"column":7},"end":{"line":44,"column":null}},"3":{"start":{"line":15,"column":13},"end":{"line":15,"column":16}},"4":{"start":{"line":17,"column":2},"end":{"line":17,"column":null}},"5":{"start":{"line":21,"column":2},"end":{"line":21,"column":null}},"6":{"start":{"line":24,"column":2},"end":{"line":24,"column":null}},"7":{"start":{"line":27,"column":2},"end":{"line":27,"column":null}},"8":{"start":{"line":30,"column":2},"end":{"line":30,"column":null}},"9":{"start":{"line":33,"column":2},"end":{"line":33,"column":null}},"10":{"start":{"line":36,"column":2},"end":{"line":36,"column":null}},"11":{"start":{"line":43,"column":2},"end":{"line":43,"column":null}},"12":{"start":{"line":38,"column":19},"end":{"line":38,"column":23}},"13":{"start":{"line":38,"column":33},"end":{"line":38,"column":42}},"14":{"start":{"line":15,"column":13},"end":{"line":44,"column":null}}},"fnMap":{"0":{"name":"(anonymous_2)","decl":{"start":{"line":38,"column":13},"end":{"line":38,"column":16}},"loc":{"start":{"line":38,"column":19},"end":{"line":38,"column":23}}},"1":{"name":"(anonymous_3)","decl":{"start":{"line":38,"column":25},"end":{"line":38,"column":29}},"loc":{"start":{"line":38,"column":33},"end":{"line":38,"column":42}}}},"branchMap":{},"s":{"0":10,"1":10,"2":10,"3":10,"4":10,"5":10,"6":10,"7":10,"8":10,"9":10,"10":10,"11":10,"12":0,"13":0,"14":10},"f":{"0":0,"1":0},"b":{}}
,"C:\\Users\\thoma\\Desktop\\teddy-backend-api\\src\\user\\user.controller.ts": {"path":"C:\\Users\\thoma\\Desktop\\teddy-backend-api\\src\\user\\user.controller.ts","statementMap":{"0":{"start":{"line":1,"column":0},"end":{"line":1,"column":78}},"1":{"start":{"line":2,"column":0},"end":{"line":2,"column":45}},"2":{"start":{"line":3,"column":0},"end":{"line":3,"column":69}},"3":{"start":{"line":4,"column":0},"end":{"line":4,"column":71}},"4":{"start":{"line":5,"column":0},"end":{"line":5,"column":78}},"5":{"start":{"line":9,"column":7},"end":{"line":27,"column":null}},"6":{"start":{"line":10,"column":31},"end":{"line":10,"column":44}},"7":{"start":{"line":25,"column":4},"end":{"line":25,"column":50}},"8":{"start":{"line":9,"column":13},"end":{"line":9,"column":27}},"9":{"start":{"line":22,"column":8},"end":{"line":26,"column":null}},"10":{"start":{"line":9,"column":13},"end":{"line":27,"column":null}}},"fnMap":{"0":{"name":"(anonymous_4)","decl":{"start":{"line":10,"column":2},"end":{"line":10,"column":31}},"loc":{"start":{"line":10,"column":55},"end":{"line":10,"column":59}}},"1":{"name":"(anonymous_5)","decl":{"start":{"line":22,"column":2},"end":{"line":22,"column":7}},"loc":{"start":{"line":23,"column":47},"end":{"line":26,"column":3}}}},"branchMap":{},"s":{"0":1,"1":1,"2":1,"3":1,"4":1,"5":1,"6":6,"7":5,"8":1,"9":1,"10":1},"f":{"0":6,"1":5},"b":{}}
,"C:\\Users\\thoma\\Desktop\\teddy-backend-api\\src\\user\\user.module.ts": {"path":"C:\\Users\\thoma\\Desktop\\teddy-backend-api\\src\\user\\user.module.ts","statementMap":{"0":{"start":{"line":1,"column":0},"end":{"line":1,"column":52}},"1":{"start":{"line":2,"column":0},"end":{"line":2,"column":48}},"2":{"start":{"line":3,"column":0},"end":{"line":3,"column":51}},"3":{"start":{"line":4,"column":0},"end":{"line":4,"column":45}},"4":{"start":{"line":5,"column":0},"end":{"line":5,"column":51}},"5":{"start":{"line":6,"column":0},"end":{"line":6,"column":46}},"6":{"start":{"line":7,"column":0},"end":{"line":7,"column":49}},"7":{"start":{"line":18,"column":7},"end":{"line":18,"column":null}},"8":{"start":{"line":18,"column":13},"end":{"line":18,"column":23}},"9":{"start":{"line":18,"column":13},"end":{"line":18,"column":null}},"10":{"start":{"line":12,"column":21},"end":{"line":12,"column":31}}},"fnMap":{"0":{"name":"(anonymous_1)","decl":{"start":{"line":12,"column":15},"end":{"line":12,"column":18}},"loc":{"start":{"line":12,"column":21},"end":{"line":12,"column":31}}}},"branchMap":{},"s":{"0":0,"1":0,"2":0,"3":0,"4":0,"5":0,"6":0,"7":0,"8":0,"9":0,"10":0},"f":{"0":0},"b":{}}
,"C:\\Users\\thoma\\Desktop\\teddy-backend-api\\src\\user\\user.repository.ts": {"path":"C:\\Users\\thoma\\Desktop\\teddy-backend-api\\src\\user\\user.repository.ts","statementMap":{"0":{"start":{"line":1,"column":0},"end":{"line":1,"column":44}},"1":{"start":{"line":2,"column":0},"end":{"line":2,"column":51}},"2":{"start":{"line":3,"column":0},"end":{"line":3,"column":37}},"3":{"start":{"line":4,"column":0},"end":{"line":4,"column":46}},"4":{"start":{"line":7,"column":7},"end":{"line":42,"column":null}},"5":{"start":{"line":10,"column":21},"end":{"line":10,"column":33}},"6":{"start":{"line":14,"column":4},"end":{"line":16,"column":7}},"7":{"start":{"line":20,"column":17},"end":{"line":20,"column":49}},"8":{"start":{"line":21,"column":4},"end":{"line":21,"column":38}},"9":{"start":{"line":25,"column":4},"end":{"line":27,"column":7}},"10":{"start":{"line":31,"column":4},"end":{"line":31,"column":34}},"11":{"start":{"line":35,"column":4},"end":{"line":35,"column":47}},"12":{"start":{"line":36,"column":4},"end":{"line":36,"column":29}},"13":{"start":{"line":40,"column":4},"end":{"line":40,"column":37}},"14":{"start":{"line":7,"column":13},"end":{"line":7,"column":27}},"15":{"start":{"line":7,"column":13},"end":{"line":42,"column":null}}},"fnMap":{"0":{"name":"(anonymous_4)","decl":{"start":{"line":8,"column":2},"end":{"line":8,"column":null}},"loc":{"start":{"line":10,"column":49},"end":{"line":11,"column":6}}},"1":{"name":"(anonymous_5)","decl":{"start":{"line":13,"column":2},"end":{"line":13,"column":7}},"loc":{"start":{"line":13,"column":33},"end":{"line":17,"column":3}}},"2":{"name":"(anonymous_6)","decl":{"start":{"line":19,"column":2},"end":{"line":19,"column":7}},"loc":{"start":{"line":19,"column":38},"end":{"line":22,"column":3}}},"3":{"name":"(anonymous_7)","decl":{"start":{"line":24,"column":2},"end":{"line":24,"column":7}},"loc":{"start":{"line":24,"column":27},"end":{"line":28,"column":3}}},"4":{"name":"(anonymous_8)","decl":{"start":{"line":30,"column":2},"end":{"line":30,"column":7}},"loc":{"start":{"line":30,"column":15},"end":{"line":32,"column":3}}},"5":{"name":"(anonymous_9)","decl":{"start":{"line":34,"column":2},"end":{"line":34,"column":7}},"loc":{"start":{"line":34,"column":50},"end":{"line":37,"column":3}}},"6":{"name":"(anonymous_10)","decl":{"start":{"line":39,"column":2},"end":{"line":39,"column":7}},"loc":{"start":{"line":39,"column":25},"end":{"line":41,"column":3}}}},"branchMap":{},"s":{"0":5,"1":5,"2":5,"3":5,"4":5,"5":16,"6":3,"7":2,"8":2,"9":3,"10":3,"11":2,"12":1,"13":2,"14":5,"15":5},"f":{"0":16,"1":3,"2":2,"3":3,"4":3,"5":2,"6":2},"b":{}}
,"C:\\Users\\thoma\\Desktop\\teddy-backend-api\\src\\user\\user.service.ts": {"path":"C:\\Users\\thoma\\Desktop\\teddy-backend-api\\src\\user\\user.service.ts","statementMap":{"0":{"start":{"line":1,"column":0},"end":{"line":1,"column":83}},"1":{"start":{"line":3,"column":0},"end":{"line":3,"column":51}},"2":{"start":{"line":5,"column":0},"end":{"line":5,"column":51}},"3":{"start":{"line":7,"column":0},"end":{"line":7,"column":33}},"4":{"start":{"line":10,"column":7},"end":{"line":52,"column":null}},"5":{"start":{"line":12,"column":21},"end":{"line":12,"column":37}},"6":{"start":{"line":14,"column":21},"end":{"line":14,"column":34}},"7":{"start":{"line":18,"column":25},"end":{"line":19,"column":null}},"8":{"start":{"line":22,"column":4},"end":{"line":24,"column":5}},"9":{"start":{"line":23,"column":6},"end":{"line":23,"column":57}},"10":{"start":{"line":26,"column":27},"end":{"line":26,"column":72}},"11":{"start":{"line":28,"column":22},"end":{"line":31,"column":6}},"12":{"start":{"line":33,"column":23},"end":{"line":35,"column":null}},"13":{"start":{"line":38,"column":4},"end":{"line":42,"column":6}},"14":{"start":{"line":46,"column":4},"end":{"line":46,"column":47}},"15":{"start":{"line":50,"column":4},"end":{"line":50,"column":50}},"16":{"start":{"line":10,"column":13},"end":{"line":10,"column":24}},"17":{"start":{"line":10,"column":13},"end":{"line":52,"column":null}},"18":{"start":{"line":13,"column":29},"end":{"line":13,"column":40}}},"fnMap":{"0":{"name":"(anonymous_4)","decl":{"start":{"line":11,"column":2},"end":{"line":11,"column":null}},"loc":{"start":{"line":14,"column":45},"end":{"line":15,"column":6}}},"1":{"name":"(anonymous_5)","decl":{"start":{"line":17,"column":2},"end":{"line":17,"column":7}},"loc":{"start":{"line":17,"column":50},"end":{"line":43,"column":3}}},"2":{"name":"(anonymous_6)","decl":{"start":{"line":45,"column":2},"end":{"line":45,"column":7}},"loc":{"start":{"line":45,"column":15},"end":{"line":47,"column":3}}},"3":{"name":"(anonymous_7)","decl":{"start":{"line":49,"column":2},"end":{"line":49,"column":7}},"loc":{"start":{"line":49,"column":29},"end":{"line":51,"column":3}}},"4":{"name":"(anonymous_8)","decl":{"start":{"line":13,"column":23},"end":{"line":13,"column":26}},"loc":{"start":{"line":13,"column":29},"end":{"line":13,"column":40}}}},"branchMap":{"0":{"loc":{"start":{"line":22,"column":4},"end":{"line":24,"column":5}},"type":"if","locations":[{"start":{"line":22,"column":4},"end":{"line":24,"column":5}}]}},"s":{"0":4,"1":4,"2":4,"3":4,"4":4,"5":13,"6":13,"7":8,"8":8,"9":2,"10":6,"11":6,"12":5,"13":4,"14":2,"15":3,"16":4,"17":4,"18":13},"f":{"0":13,"1":8,"2":2,"3":3,"4":13},"b":{"0":[2]}}
,"C:\\Users\\thoma\\Desktop\\teddy-backend-api\\src\\user\\dto\\create-user-request.dto.ts": {"path":"C:\\Users\\thoma\\Desktop\\teddy-backend-api\\src\\user\\dto\\create-user-request.dto.ts","statementMap":{"0":{"start":{"line":1,"column":0},"end":{"line":1,"column":63}},"1":{"start":{"line":2,"column":0},"end":{"line":2,"column":46}},"2":{"start":{"line":4,"column":0},"end":{"line":4,"column":13}},"3":{"start":{"line":10,"column":2},"end":{"line":10,"column":null}},"4":{"start":{"line":18,"column":2},"end":{"line":18,"column":null}}},"fnMap":{},"branchMap":{},"s":{"0":1,"1":1,"2":1,"3":1,"4":1},"f":{},"b":{}}
,"C:\\Users\\thoma\\Desktop\\teddy-backend-api\\src\\user\\dto\\create-user-response.dto.ts": {"path":"C:\\Users\\thoma\\Desktop\\teddy-backend-api\\src\\user\\dto\\create-user-response.dto.ts","statementMap":{"0":{"start":{"line":1,"column":0},"end":{"line":1,"column":46}},"1":{"start":{"line":3,"column":0},"end":{"line":3,"column":13}},"2":{"start":{"line":8,"column":2},"end":{"line":8,"column":null}},"3":{"start":{"line":14,"column":2},"end":{"line":14,"column":null}},"4":{"start":{"line":20,"column":2},"end":{"line":20,"column":null}}},"fnMap":{},"branchMap":{},"s":{"0":1,"1":1,"2":1,"3":1,"4":1},"f":{},"b":{}}
,"C:\\Users\\thoma\\Desktop\\teddy-backend-api\\src\\user\\entities\\user.entity.ts": {"path":"C:\\Users\\thoma\\Desktop\\teddy-backend-api\\src\\user\\entities\\user.entity.ts","statementMap":{"0":{"start":{"line":1,"column":0},"end":{"line":1,"column":null}},"1":{"start":{"line":9,"column":0},"end":{"line":9,"column":56}},"2":{"start":{"line":12,"column":7},"end":{"line":30,"column":null}},"3":{"start":{"line":12,"column":13},"end":{"line":12,"column":17}},"4":{"start":{"line":14,"column":2},"end":{"line":14,"column":null}},"5":{"start":{"line":17,"column":2},"end":{"line":17,"column":null}},"6":{"start":{"line":20,"column":2},"end":{"line":20,"column":null}},"7":{"start":{"line":23,"column":2},"end":{"line":23,"column":null}},"8":{"start":{"line":26,"column":2},"end":{"line":26,"column":null}},"9":{"start":{"line":29,"column":2},"end":{"line":29,"column":null}},"10":{"start":{"line":28,"column":19},"end":{"line":28,"column":22}},"11":{"start":{"line":28,"column":31},"end":{"line":28,"column":40}},"12":{"start":{"line":12,"column":13},"end":{"line":30,"column":null}}},"fnMap":{"0":{"name":"(anonymous_2)","decl":{"start":{"line":28,"column":13},"end":{"line":28,"column":16}},"loc":{"start":{"line":28,"column":19},"end":{"line":28,"column":22}}},"1":{"name":"(anonymous_3)","decl":{"start":{"line":28,"column":24},"end":{"line":28,"column":27}},"loc":{"start":{"line":28,"column":31},"end":{"line":28,"column":40}}}},"branchMap":{},"s":{"0":10,"1":10,"2":10,"3":10,"4":10,"5":10,"6":10,"7":10,"8":10,"9":10,"10":0,"11":0,"12":10},"f":{"0":0,"1":0},"b":{}}
}
