TN:
SF:src\app.module.ts
FNF:0
FNH:0
DA:1,0
DA:2,0
DA:3,0
DA:4,0
DA:5,0
DA:6,0
DA:7,0
DA:8,0
DA:23,0
LF:9
LH:0
BRDA:14,0,0,0
BRDA:14,0,1,0
BRF:2
BRH:0
end_of_record
TN:
SF:src\main.ts
FN:6,bootstrap
FNF:1
FNH:0
FNDA:0,bootstrap
DA:1,0
DA:2,0
DA:3,0
DA:4,0
DA:7,0
DA:9,0
DA:17,0
DA:24,0
DA:25,0
DA:29,0
DA:31,0
LF:11
LH:0
BRF:0
BRH:0
end_of_record
TN:
SF:src\auth\auth.controller.ts
FN:10,(anonymous_4)
FN:22,(anonymous_5)
FNF:2
FNH:2
FNDA:3,(anonymous_4)
FNDA:2,(anonymous_5)
DA:1,1
DA:2,1
DA:3,1
DA:4,1
DA:5,1
DA:9,1
DA:10,3
DA:22,1
DA:23,2
LF:9
LH:9
BRF:0
BRH:0
end_of_record
TN:
SF:src\auth\auth.module.ts
FNF:0
FNH:0
DA:1,0
DA:2,0
DA:3,0
DA:4,0
DA:5,0
DA:20,0
LF:6
LH:0
BRF:0
BRH:0
end_of_record
TN:
SF:src\auth\auth.service.ts
FN:8,(anonymous_2)
FN:13,(anonymous_3)
FNF:2
FNH:2
FNDA:6,(anonymous_2)
FNDA:5,(anonymous_3)
DA:1,4
DA:2,4
DA:3,4
DA:4,4
DA:7,4
DA:9,6
DA:10,6
DA:17,5
DA:19,4
DA:20,1
DA:23,3
DA:25,3
DA:26,1
DA:29,2
DA:34,2
DA:36,2
LF:16
LH:16
BRDA:19,0,0,1
BRDA:25,1,0,1
BRF:2
BRH:2
end_of_record
TN:
SF:src\auth\dto\sign-in-request.dto.ts
FNF:0
FNH:0
DA:1,1
DA:3,1
DA:8,1
DA:14,1
LF:4
LH:4
BRF:0
BRH:0
end_of_record
TN:
SF:src\auth\dto\sign-in-response.dto.ts
FNF:0
FNH:0
DA:1,1
DA:3,1
DA:8,1
DA:14,1
LF:4
LH:4
BRF:0
BRH:0
end_of_record
TN:
SF:src\auth\guards\auth.guard.ts
FN:12,(anonymous_2)
FN:14,(anonymous_3)
FN:31,(anonymous_4)
FNF:3
FNH:0
FNDA:0,(anonymous_2)
FNDA:0,(anonymous_3)
FNDA:0,(anonymous_4)
DA:1,1
DA:7,1
DA:11,1
DA:12,0
DA:15,0
DA:16,0
DA:17,0
DA:18,0
DA:20,0
DA:21,0
DA:24,0
DA:26,0
DA:28,0
DA:32,0
DA:33,0
LF:15
LH:3
BRDA:17,0,0,0
BRDA:32,1,0,0
BRDA:32,1,1,0
BRDA:33,2,0,0
BRDA:33,2,1,0
BRF:5
BRH:0
end_of_record
TN:
SF:src\auth\guards\optional-auth.guard.ts
FN:6,(anonymous_1)
FNF:1
FNH:0
FNDA:0,(anonymous_1)
DA:1,1
DA:2,1
DA:5,1
DA:7,0
DA:8,0
DA:10,0
LF:6
LH:3
BRDA:7,0,0,0
BRDA:7,1,0,0
BRDA:7,1,1,0
BRF:3
BRH:0
end_of_record
TN:
SF:src\database\config.ts
FN:3,(anonymous_0)
FNF:1
FNH:0
FNDA:0,(anonymous_0)
DA:3,0
DA:4,0
DA:6,0
LF:3
LH:0
BRDA:16,0,0,0
BRDA:16,0,1,0
BRF:2
BRH:0
end_of_record
TN:
SF:src\redirect\redirect.controller.ts
FN:10,(anonymous_4)
FN:23,(anonymous_5)
FNF:2
FNH:2
FNDA:3,(anonymous_4)
FNDA:2,(anonymous_5)
DA:1,1
DA:3,1
DA:4,1
DA:5,1
DA:9,1
DA:10,3
DA:23,1
DA:24,2
DA:25,1
LF:9
LH:9
BRF:0
BRH:0
end_of_record
TN:
SF:src\redirect\redirect.module.ts
FNF:0
FNH:0
DA:1,0
DA:2,0
DA:3,0
DA:4,0
DA:11,0
LF:5
LH:0
BRF:0
BRH:0
end_of_record
TN:
SF:src\redirect\redirect.service.ts
FN:6,(anonymous_2)
FN:8,(anonymous_3)
FNF:2
FNH:2
FNDA:3,(anonymous_2)
FNDA:2,(anonymous_3)
DA:1,2
DA:2,2
DA:5,2
DA:6,3
DA:9,2
DA:10,1
LF:6
LH:6
BRF:0
BRH:0
end_of_record
TN:
SF:src\redirect\dto\redirect-response.dto.ts
FNF:0
FNH:0
DA:1,1
DA:3,1
DA:8,1
DA:14,1
LF:4
LH:4
BRF:0
BRH:0
end_of_record
TN:
SF:src\shared\helpers\short-code.helper.ts
FN:5,generateShortCode
FNF:1
FNH:0
FNDA:0,generateShortCode
DA:1,4
DA:3,4
DA:5,4
DA:6,0
DA:7,0
DA:8,0
DA:10,0
LF:7
LH:3
BRF:0
BRH:0
end_of_record
TN:
SF:src\shorten\shorten.controller.ts
FN:24,(anonymous_4)
FN:31,(anonymous_5)
FN:40,(anonymous_6)
FN:50,(anonymous_7)
FN:63,(anonymous_8)
FNF:5
FNH:5
FNDA:9,(anonymous_4)
FNDA:2,(anonymous_5)
FNDA:2,(anonymous_6)
FNDA:2,(anonymous_7)
FNDA:2,(anonymous_8)
DA:1,1
DA:13,1
DA:14,1
DA:15,1
DA:16,1
DA:17,1
DA:18,1
DA:19,1
DA:23,1
DA:24,9
DA:31,1
DA:32,2
DA:40,1
DA:41,2
DA:50,1
DA:55,2
DA:63,1
DA:64,2
DA:65,1
LF:19
LH:19
BRF:0
BRH:0
end_of_record
TN:
SF:src\shorten\shorten.module.ts
FNF:0
FNH:0
DA:1,0
DA:2,0
DA:3,0
DA:4,0
DA:5,0
DA:6,0
DA:14,0
LF:7
LH:0
BRF:0
BRH:0
end_of_record
TN:
SF:src\shorten\shorten.repository.ts
FN:10,(anonymous_4)
FN:15,(anonymous_5)
FN:19,(anonymous_6)
FN:23,(anonymous_7)
FN:27,(anonymous_8)
FN:34,(anonymous_9)
FN:41,(anonymous_10)
FN:48,(anonymous_11)
FNF:8
FNH:8
FNDA:17,(anonymous_4)
FNDA:2,(anonymous_5)
FNDA:2,(anonymous_6)
FNDA:2,(anonymous_7)
FNDA:3,(anonymous_8)
FNDA:2,(anonymous_9)
FNDA:3,(anonymous_10)
FNDA:2,(anonymous_11)
DA:3,5
DA:4,5
DA:5,5
DA:6,5
DA:9,5
DA:12,17
DA:16,2
DA:20,2
DA:24,2
DA:28,3
DA:35,2
DA:42,3
DA:49,2
LF:13
LH:13
BRF:0
BRH:0
end_of_record
TN:
SF:src\shorten\shorten.service.ts
FN:24,(anonymous_2)
FN:26,(anonymous_3)
FN:59,(anonymous_4)
FN:63,(anonymous_5)
FN:76,(anonymous_6)
FN:87,(anonymous_7)
FN:93,(anonymous_8)
FN:99,(anonymous_9)
FNF:8
FNH:8
FNDA:22,(anonymous_2)
FNDA:10,(anonymous_3)
FNDA:2,(anonymous_4)
FNDA:6,(anonymous_5)
FNDA:6,(anonymous_6)
FNDA:5,(anonymous_7)
FNDA:2,(anonymous_8)
FNDA:3,(anonymous_9)
DA:3,4
DA:13,4
DA:18,4
DA:23,4
DA:24,22
DA:27,10
DA:28,2
DA:33,8
DA:37,8
DA:39,8
DA:40,2
DA:45,6
DA:46,6
DA:47,2
DA:50,4
DA:56,4
DA:60,2
DA:64,6
DA:66,6
DA:67,4
DA:68,3
DA:71,1
DA:73,1
DA:77,6
DA:79,6
DA:80,4
DA:81,3
DA:84,1
DA:88,5
DA:89,5
DA:90,2
DA:94,2
DA:95,1
DA:96,1
DA:101,3
DA:103,3
DA:104,4
DA:105,4
DA:106,4
DA:109,3
LF:40
LH:40
BRDA:27,0,0,2
BRDA:27,1,0,10
BRDA:27,1,1,7
BRDA:33,2,0,5
BRDA:33,2,1,3
BRDA:39,3,0,2
BRDA:46,4,0,2
BRDA:53,5,0,3
BRDA:53,5,1,1
BRDA:66,6,0,2
BRDA:67,7,0,3
BRDA:67,8,0,4
BRDA:67,8,1,3
BRDA:79,9,0,2
BRDA:80,10,0,3
BRDA:80,11,0,4
BRDA:80,11,1,3
BRDA:89,12,0,3
BRF:18
BRH:18
end_of_record
TN:
SF:src\shorten\dto\create-short-url.dto.ts
FNF:0
FNH:0
DA:1,1
DA:2,1
DA:3,1
DA:5,1
DA:11,1
DA:22,1
LF:6
LH:6
BRF:0
BRH:0
end_of_record
TN:
SF:src\shorten\dto\short-url-response.dto.ts
FNF:0
FNH:0
DA:1,1
DA:3,1
DA:5,1
DA:8,1
DA:11,1
DA:14,1
DA:17,1
LF:7
LH:7
BRF:0
BRH:0
end_of_record
TN:
SF:src\shorten\dto\update-url.dto.ts
FNF:0
FNH:0
DA:1,1
DA:2,1
DA:4,1
DA:10,1
LF:4
LH:4
BRF:0
BRH:0
end_of_record
TN:
SF:src\shorten\entities\url.entity.ts
FN:38,(anonymous_2)
FN:38,(anonymous_3)
FNF:2
FNH:0
FNDA:0,(anonymous_2)
FNDA:0,(anonymous_3)
DA:1,10
DA:12,10
DA:15,10
DA:17,10
DA:21,10
DA:24,10
DA:27,10
DA:30,10
DA:33,10
DA:36,10
DA:38,0
DA:43,10
LF:12
LH:11
BRF:0
BRH:0
end_of_record
TN:
SF:src\user\user.controller.ts
FN:10,(anonymous_4)
FN:22,(anonymous_5)
FNF:2
FNH:2
FNDA:6,(anonymous_4)
FNDA:5,(anonymous_5)
DA:1,1
DA:2,1
DA:3,1
DA:4,1
DA:5,1
DA:9,1
DA:10,6
DA:22,1
DA:25,5
LF:9
LH:9
BRF:0
BRH:0
end_of_record
TN:
SF:src\user\user.module.ts
FNF:0
FNH:0
DA:1,0
DA:2,0
DA:3,0
DA:4,0
DA:5,0
DA:6,0
DA:7,0
DA:15,0
LF:8
LH:0
BRF:0
BRH:0
end_of_record
TN:
SF:src\user\user.repository.ts
FN:8,(anonymous_4)
FN:13,(anonymous_5)
FN:19,(anonymous_6)
FN:24,(anonymous_7)
FN:30,(anonymous_8)
FN:34,(anonymous_9)
FN:39,(anonymous_10)
FNF:7
FNH:7
FNDA:16,(anonymous_4)
FNDA:3,(anonymous_5)
FNDA:2,(anonymous_6)
FNDA:3,(anonymous_7)
FNDA:3,(anonymous_8)
FNDA:2,(anonymous_9)
FNDA:2,(anonymous_10)
DA:1,5
DA:2,5
DA:3,5
DA:4,5
DA:7,5
DA:10,16
DA:14,3
DA:20,2
DA:21,2
DA:25,3
DA:31,3
DA:35,2
DA:36,1
DA:40,2
LF:14
LH:14
BRF:0
BRH:0
end_of_record
TN:
SF:src\user\user.service.ts
FN:11,(anonymous_2)
FN:16,(anonymous_3)
FN:44,(anonymous_4)
FN:48,(anonymous_5)
FNF:4
FNH:4
FNDA:13,(anonymous_2)
FNDA:8,(anonymous_3)
FNDA:2,(anonymous_4)
FNDA:3,(anonymous_5)
DA:1,4
DA:3,4
DA:5,4
DA:7,4
DA:10,4
DA:12,13
DA:13,13
DA:17,8
DA:21,8
DA:22,2
DA:25,6
DA:27,6
DA:32,5
DA:37,4
DA:45,2
DA:49,3
LF:16
LH:16
BRDA:21,0,0,2
BRF:1
BRH:1
end_of_record
TN:
SF:src\user\dto\create-user-request.dto.ts
FNF:0
FNH:0
DA:1,1
DA:2,1
DA:4,1
DA:10,1
DA:18,1
LF:5
LH:5
BRF:0
BRH:0
end_of_record
TN:
SF:src\user\dto\create-user-response.dto.ts
FNF:0
FNH:0
DA:1,1
DA:3,1
DA:8,1
DA:14,1
DA:20,1
LF:5
LH:5
BRF:0
BRH:0
end_of_record
TN:
SF:src\user\entities\user.entity.ts
FN:28,(anonymous_2)
FN:28,(anonymous_3)
FNF:2
FNH:0
FNDA:0,(anonymous_2)
FNDA:0,(anonymous_3)
DA:1,10
DA:9,10
DA:12,10
DA:14,10
DA:17,10
DA:20,10
DA:23,10
DA:26,10
DA:28,0
DA:29,10
LF:10
LH:9
BRF:0
BRH:0
end_of_record
