TN:
SF:src\app.module.ts
FN:15,(anonymous_1)
FNF:1
FNH:0
FNDA:0,(anonymous_1)
DA:1,0
DA:2,0
DA:3,0
DA:4,0
DA:5,0
DA:6,0
DA:7,0
DA:8,0
DA:15,0
DA:30,0
LF:10
LH:0
BRDA:14,0,0,0
BRDA:14,0,1,0
BRDA:17,1,0,0
BRDA:17,1,1,0
BRDA:17,1,2,0
BRDA:18,2,0,0
BRDA:18,2,1,0
BRDA:19,3,0,0
BRDA:19,3,1,0
BRF:9
BRH:0
end_of_record
TN:
SF:src\main.ts
FN:6,bootstrap
FNF:1
FNH:0
FNDA:0,bootstrap
DA:1,0
DA:2,0
DA:3,0
DA:4,0
DA:7,0
DA:9,0
DA:17,0
DA:24,0
DA:25,0
DA:29,0
DA:30,0
DA:31,0
DA:33,0
LF:13
LH:0
BRDA:29,0,0,0
BRDA:29,0,1,0
BRF:2
BRH:0
end_of_record
TN:
SF:src\auth\auth.controller.ts
FN:10,(anonymous_4)
FN:22,(anonymous_5)
FNF:2
FNH:2
FNDA:3,(anonymous_4)
FNDA:2,(anonymous_5)
DA:1,1
DA:2,1
DA:3,1
DA:4,1
DA:5,1
DA:9,1
DA:10,3
DA:22,1
DA:23,2
LF:9
LH:9
BRF:0
BRH:0
end_of_record
TN:
SF:src\auth\auth.module.ts
FN:14,(anonymous_1)
FNF:1
FNH:0
FNDA:0,(anonymous_1)
DA:1,0
DA:2,0
DA:3,0
DA:4,0
DA:5,0
DA:7,0
DA:8,0
DA:9,0
DA:14,0
DA:25,0
LF:10
LH:0
BRDA:8,0,0,0
BRDA:8,1,0,0
BRDA:8,1,1,0
BRDA:17,2,0,0
BRDA:17,2,1,0
BRF:5
BRH:0
end_of_record
TN:
SF:src\auth\auth.service.ts
FN:8,(anonymous_4)
FN:14,(anonymous_5)
FN:9,(anonymous_6)
FNF:3
FNH:3
FNDA:6,(anonymous_4)
FNDA:5,(anonymous_5)
FNDA:6,(anonymous_6)
DA:1,4
DA:2,4
DA:3,4
DA:4,4
DA:7,4
DA:9,6
DA:10,6
DA:11,6
DA:18,5
DA:20,4
DA:21,1
DA:24,3
DA:26,3
DA:27,1
DA:30,2
DA:35,2
DA:37,2
LF:17
LH:17
BRDA:20,0,0,1
BRDA:26,1,0,1
BRF:2
BRH:2
end_of_record
TN:
SF:src\auth\dto\sign-in-request.dto.ts
FNF:0
FNH:0
DA:1,1
DA:2,1
DA:4,1
DA:10,1
DA:18,1
LF:5
LH:5
BRF:0
BRH:0
end_of_record
TN:
SF:src\auth\dto\sign-in-response.dto.ts
FNF:0
FNH:0
DA:1,1
DA:3,1
DA:8,1
DA:14,1
LF:4
LH:4
BRF:0
BRH:0
end_of_record
TN:
SF:src\auth\guards\auth.guard.ts
FN:12,(anonymous_2)
FN:14,(anonymous_3)
FN:40,(anonymous_4)
FNF:3
FNH:0
FNDA:0,(anonymous_2)
FNDA:0,(anonymous_3)
FNDA:0,(anonymous_4)
DA:1,1
DA:7,1
DA:11,1
DA:12,0
DA:15,0
DA:16,0
DA:17,0
DA:18,0
DA:20,0
DA:21,0
DA:23,0
DA:25,0
DA:26,0
DA:29,0
DA:35,0
DA:37,0
DA:41,0
DA:42,0
LF:18
LH:3
BRDA:17,0,0,0
BRDA:23,1,0,0
BRDA:23,1,1,0
BRDA:25,2,0,0
BRDA:41,3,0,0
BRDA:41,3,1,0
BRDA:42,4,0,0
BRDA:42,4,1,0
BRF:8
BRH:0
end_of_record
TN:
SF:src\auth\guards\optional-auth.guard.ts
FN:11,(anonymous_2)
FN:13,(anonymous_3)
FN:44,(anonymous_4)
FNF:3
FNH:0
FNDA:0,(anonymous_2)
FNDA:0,(anonymous_3)
FNDA:0,(anonymous_4)
DA:1,1
DA:6,1
DA:10,1
DA:11,0
DA:14,0
DA:15,0
DA:17,0
DA:18,0
DA:19,0
DA:22,0
DA:23,0
DA:25,0
DA:27,0
DA:28,0
DA:29,0
DA:32,0
DA:38,0
DA:41,0
DA:45,0
DA:46,0
LF:20
LH:3
BRDA:17,0,0,0
BRDA:25,1,0,0
BRDA:25,1,1,0
BRDA:27,2,0,0
BRDA:45,3,0,0
BRDA:45,3,1,0
BRDA:46,4,0,0
BRDA:46,4,1,0
BRF:8
BRH:0
end_of_record
TN:
SF:src\database\config.ts
FN:3,(anonymous_0)
FNF:1
FNH:0
FNDA:0,(anonymous_0)
DA:3,0
DA:4,0
DA:6,0
LF:3
LH:0
BRDA:16,0,0,0
BRDA:16,0,1,0
BRF:2
BRH:0
end_of_record
TN:
SF:src\redirect\redirect.controller.ts
FN:10,(anonymous_4)
FN:27,(anonymous_5)
FNF:2
FNH:2
FNDA:3,(anonymous_4)
FNDA:2,(anonymous_5)
DA:1,1
DA:3,1
DA:4,1
DA:5,1
DA:9,1
DA:10,3
DA:27,1
DA:28,2
DA:29,1
LF:9
LH:9
BRF:0
BRH:0
end_of_record
TN:
SF:src\redirect\redirect.module.ts
FNF:0
FNH:0
DA:1,0
DA:2,0
DA:3,0
DA:4,0
DA:11,0
LF:5
LH:0
BRF:0
BRH:0
end_of_record
TN:
SF:src\redirect\redirect.service.ts
FN:6,(anonymous_2)
FN:8,(anonymous_3)
FNF:2
FNH:2
FNDA:3,(anonymous_2)
FNDA:2,(anonymous_3)
DA:1,2
DA:2,2
DA:5,2
DA:6,3
DA:9,2
DA:10,1
LF:6
LH:6
BRF:0
BRH:0
end_of_record
TN:
SF:src\redirect\dto\redirect-response.dto.ts
FNF:0
FNH:0
DA:1,1
DA:3,1
DA:8,1
DA:14,1
LF:4
LH:4
BRF:0
BRH:0
end_of_record
TN:
SF:src\shared\config\app.config.ts
FN:3,(anonymous_0)
FNF:1
FNH:0
FNDA:0,(anonymous_0)
DA:1,0
DA:3,0
LF:2
LH:0
BRDA:4,0,0,0
BRDA:4,0,1,0
BRDA:4,0,2,0
BRDA:5,1,0,0
BRDA:5,1,1,0
BRDA:6,2,0,0
BRDA:6,2,1,0
BRF:7
BRH:0
end_of_record
TN:
SF:src\shared\helpers\short-code.helper.ts
FN:5,generateShortCode
FNF:1
FNH:0
FNDA:0,generateShortCode
DA:1,4
DA:3,4
DA:5,4
DA:6,0
DA:7,0
DA:8,0
DA:10,0
LF:7
LH:3
BRF:0
BRH:0
end_of_record
TN:
SF:src\shorten\shorten.controller.ts
FN:24,(anonymous_4)
FN:31,(anonymous_5)
FN:41,(anonymous_6)
FN:51,(anonymous_7)
FN:64,(anonymous_8)
FNF:5
FNH:5
FNDA:9,(anonymous_4)
FNDA:2,(anonymous_5)
FNDA:2,(anonymous_6)
FNDA:2,(anonymous_7)
FNDA:2,(anonymous_8)
DA:1,1
DA:13,1
DA:14,1
DA:15,1
DA:16,1
DA:17,1
DA:18,1
DA:19,1
DA:23,1
DA:24,9
DA:31,1
DA:32,2
DA:33,2
DA:41,1
DA:42,2
DA:51,1
DA:56,2
DA:64,1
DA:65,2
DA:66,1
LF:20
LH:20
BRF:0
BRH:0
end_of_record
TN:
SF:src\shorten\shorten.module.ts
FNF:0
FNH:0
DA:1,0
DA:2,0
DA:3,0
DA:4,0
DA:5,0
DA:6,0
DA:7,0
DA:15,0
LF:8
LH:0
BRF:0
BRH:0
end_of_record
TN:
SF:src\shorten\shorten.repository.ts
FN:8,(anonymous_4)
FN:13,(anonymous_5)
FN:17,(anonymous_6)
FN:21,(anonymous_7)
FN:27,(anonymous_8)
FN:35,(anonymous_9)
FN:42,(anonymous_10)
FN:49,(anonymous_11)
FN:56,(anonymous_12)
FNF:9
FNH:8
FNDA:17,(anonymous_4)
FNDA:2,(anonymous_5)
FNDA:2,(anonymous_6)
FNDA:2,(anonymous_7)
FNDA:0,(anonymous_8)
FNDA:3,(anonymous_9)
FNDA:2,(anonymous_10)
FNDA:3,(anonymous_11)
FNDA:2,(anonymous_12)
DA:1,5
DA:2,5
DA:3,5
DA:4,5
DA:7,5
DA:10,17
DA:14,2
DA:18,2
DA:22,2
DA:28,0
DA:36,3
DA:43,2
DA:50,3
DA:57,2
LF:14
LH:13
BRF:0
BRH:0
end_of_record
TN:
SF:src\shorten\shorten.service.ts
FN:22,(anonymous_2)
FN:27,(anonymous_3)
FN:31,(anonymous_4)
FN:38,(anonymous_5)
FN:80,(anonymous_6)
FN:94,(anonymous_7)
FN:96,(anonymous_8)
FN:99,(anonymous_9)
FN:113,(anonymous_10)
FN:124,(anonymous_11)
FN:130,(anonymous_12)
FN:136,(anonymous_13)
FNF:12
FNH:12
FNDA:22,(anonymous_2)
FNDA:3,(anonymous_3)
FNDA:3,(anonymous_4)
FNDA:10,(anonymous_5)
FNDA:3,(anonymous_6)
FNDA:2,(anonymous_7)
FNDA:2,(anonymous_8)
FNDA:6,(anonymous_9)
FNDA:6,(anonymous_10)
FNDA:5,(anonymous_11)
FNDA:2,(anonymous_12)
FNDA:3,(anonymous_13)
DA:1,4
DA:7,4
DA:12,4
DA:16,4
DA:21,4
DA:23,22
DA:24,22
DA:28,3
DA:32,3
DA:33,3
DA:36,22
DA:39,10
DA:40,2
DA:47,8
DA:48,5
DA:50,5
DA:51,2
DA:56,3
DA:57,3
DA:58,2
DA:61,1
DA:63,3
DA:66,4
DA:67,4
DA:68,0
DA:71,4
DA:77,4
DA:81,3
DA:95,2
DA:96,2
DA:100,6
DA:102,6
DA:103,4
DA:104,3
DA:107,1
DA:109,1
DA:110,1
DA:114,6
DA:116,6
DA:117,4
DA:118,3
DA:121,1
DA:125,5
DA:126,5
DA:127,2
DA:131,2
DA:132,1
DA:133,1
DA:138,3
DA:140,3
DA:141,4
DA:142,4
DA:143,4
DA:146,3
LF:54
LH:53
BRDA:39,0,0,2
BRDA:39,1,0,10
BRDA:39,1,1,7
BRDA:47,2,0,5
BRDA:47,2,1,3
BRDA:50,3,0,2
BRDA:57,4,0,2
BRDA:67,5,0,0
BRDA:74,6,0,3
BRDA:74,6,1,1
BRDA:102,7,0,2
BRDA:103,8,0,3
BRDA:103,9,0,4
BRDA:103,9,1,3
BRDA:116,10,0,2
BRDA:117,11,0,3
BRDA:117,12,0,4
BRDA:117,12,1,3
BRDA:126,13,0,3
BRF:19
BRH:18
end_of_record
TN:
SF:src\shorten\dto\create-short-url.dto.ts
FNF:0
FNH:0
DA:1,1
DA:2,1
DA:4,1
DA:10,1
DA:22,1
LF:5
LH:5
BRF:0
BRH:0
end_of_record
TN:
SF:src\shorten\dto\short-url-response.dto.ts
FNF:0
FNH:0
DA:1,1
DA:3,1
DA:5,1
DA:8,1
DA:11,1
DA:14,1
DA:17,1
LF:7
LH:7
BRF:0
BRH:0
end_of_record
TN:
SF:src\shorten\dto\update-url.dto.ts
FNF:0
FNH:0
DA:1,1
DA:2,1
DA:4,1
DA:10,1
LF:4
LH:4
BRF:0
BRH:0
end_of_record
TN:
SF:src\shorten\entities\url.entity.ts
FN:38,(anonymous_2)
FN:38,(anonymous_3)
FNF:2
FNH:0
FNDA:0,(anonymous_2)
FNDA:0,(anonymous_3)
DA:1,10
DA:12,10
DA:15,10
DA:17,10
DA:21,10
DA:24,10
DA:27,10
DA:30,10
DA:33,10
DA:36,10
DA:38,0
DA:43,10
LF:12
LH:11
BRF:0
BRH:0
end_of_record
TN:
SF:src\user\user.controller.ts
FN:10,(anonymous_4)
FN:22,(anonymous_5)
FNF:2
FNH:2
FNDA:6,(anonymous_4)
FNDA:5,(anonymous_5)
DA:1,1
DA:2,1
DA:3,1
DA:4,1
DA:5,1
DA:9,1
DA:10,6
DA:22,1
DA:25,5
LF:9
LH:9
BRF:0
BRH:0
end_of_record
TN:
SF:src\user\user.module.ts
FN:12,(anonymous_1)
FNF:1
FNH:0
FNDA:0,(anonymous_1)
DA:1,0
DA:2,0
DA:3,0
DA:4,0
DA:5,0
DA:6,0
DA:7,0
DA:12,0
DA:18,0
LF:9
LH:0
BRF:0
BRH:0
end_of_record
TN:
SF:src\user\user.repository.ts
FN:8,(anonymous_4)
FN:13,(anonymous_5)
FN:19,(anonymous_6)
FN:24,(anonymous_7)
FN:30,(anonymous_8)
FN:34,(anonymous_9)
FN:39,(anonymous_10)
FNF:7
FNH:7
FNDA:16,(anonymous_4)
FNDA:3,(anonymous_5)
FNDA:2,(anonymous_6)
FNDA:3,(anonymous_7)
FNDA:3,(anonymous_8)
FNDA:2,(anonymous_9)
FNDA:2,(anonymous_10)
DA:1,5
DA:2,5
DA:3,5
DA:4,5
DA:7,5
DA:10,16
DA:14,3
DA:20,2
DA:21,2
DA:25,3
DA:31,3
DA:35,2
DA:36,1
DA:40,2
LF:14
LH:14
BRF:0
BRH:0
end_of_record
TN:
SF:src\user\user.service.ts
FN:11,(anonymous_4)
FN:17,(anonymous_5)
FN:45,(anonymous_6)
FN:49,(anonymous_7)
FN:13,(anonymous_8)
FNF:5
FNH:5
FNDA:13,(anonymous_4)
FNDA:8,(anonymous_5)
FNDA:2,(anonymous_6)
FNDA:3,(anonymous_7)
FNDA:13,(anonymous_8)
DA:1,4
DA:3,4
DA:5,4
DA:7,4
DA:10,4
DA:12,13
DA:13,13
DA:14,13
DA:18,8
DA:22,8
DA:23,2
DA:26,6
DA:28,6
DA:33,5
DA:38,4
DA:46,2
DA:50,3
LF:17
LH:17
BRDA:22,0,0,2
BRF:1
BRH:1
end_of_record
TN:
SF:src\user\dto\create-user-request.dto.ts
FNF:0
FNH:0
DA:1,1
DA:2,1
DA:4,1
DA:10,1
DA:18,1
LF:5
LH:5
BRF:0
BRH:0
end_of_record
TN:
SF:src\user\dto\create-user-response.dto.ts
FNF:0
FNH:0
DA:1,1
DA:3,1
DA:8,1
DA:14,1
DA:20,1
LF:5
LH:5
BRF:0
BRH:0
end_of_record
TN:
SF:src\user\entities\user.entity.ts
FN:28,(anonymous_2)
FN:28,(anonymous_3)
FNF:2
FNH:0
FNDA:0,(anonymous_2)
FNDA:0,(anonymous_3)
DA:1,10
DA:9,10
DA:12,10
DA:14,10
DA:17,10
DA:20,10
DA:23,10
DA:26,10
DA:28,0
DA:29,10
LF:10
LH:9
BRF:0
BRH:0
end_of_record
